<?xml version="1.0" encoding="UTF-8"?>
<!-- Generated by org.testng.reporters.JUnitXMLReporter -->
<testsuite ignored="8" hostname="DESKTOP-FMTB188" failures="0" tests="3" name="Test" time="31.52" errors="0" timestamp="2025-06-14T13:58:19 IST">
  <testcase classname="mini_project1.ApparelShoesClass" name="launch" time="11.81"/>
  <testcase classname="mini_project1.GiftCardsClass" name="launch" time="9.799"/>
  <testcase classname="mini_project1.DigitalDownloadsClass" name="launch" time="9.728"/>
  <testcase classname="mini_project1.BaseClass1" name="@AfterTest afterTest" time="0.0">
    <ignored/>
  </testcase> <!-- @AfterTest afterTest -->
  <testcase classname="mini_project1.BaseClass1" name="@BeforeSuite beforeSuite" time="0.0">
    <ignored/>
  </testcase> <!-- @BeforeSuite beforeSuite -->
  <testcase classname="mini_project1.BaseClass1" name="@BeforeSuite beforeSuite" time="0.0">
    <ignored/>
  </testcase> <!-- @BeforeSuite beforeSuite -->
  <testcase classname="mini_project1.BaseClass1" name="@BeforeTest beforeTest" time="0.0">
    <ignored/>
  </testcase> <!-- @BeforeTest beforeTest -->
  <testcase classname="mini_project1.BaseClass1" name="@BeforeTest beforeTest" time="0.0">
    <ignored/>
  </testcase> <!-- @BeforeTest beforeTest -->
  <testcase classname="mini_project1.BaseClass1" name="@AfterSuite afterSuite" time="0.0">
    <ignored/>
  </testcase> <!-- @AfterSuite afterSuite -->
  <testcase classname="mini_project1.BaseClass1" name="@AfterSuite afterSuite" time="0.0">
    <ignored/>
  </testcase> <!-- @AfterSuite afterSuite -->
  <testcase classname="mini_project1.BaseClass1" name="@AfterTest afterTest" time="0.0">
    <ignored/>
  </testcase> <!-- @AfterTest afterTest -->
</testsuite> <!-- Test -->
